c:\users\administrator\desktop\win-win [spatial] - 1\debug\betengine.lib
c:\users\administrator\desktop\win-win [spatial] - 1\debug\betengine.exp
c:\users\administrator\desktop\win-win [spatial] - 1\betengine\debug\betengine.pch
c:\users\administrator\desktop\win-win [spatial] - 1\betengine\debug\vc140.pdb
c:\users\administrator\desktop\win-win [spatial] - 1\betengine\debug\vc140.idb
c:\users\administrator\desktop\win-win [spatial] - 1\betengine\debug\stdafx.obj
c:\users\administrator\desktop\win-win [spatial] - 1\betengine\debug\gamedata.obj
c:\users\administrator\desktop\win-win [spatial] - 1\betengine\debug\gameinfo.obj
c:\users\administrator\desktop\win-win [spatial] - 1\betengine\debug\global.obj
c:\users\administrator\desktop\win-win [spatial] - 1\betengine\debug\maininfo.obj
c:\users\administrator\desktop\win-win [spatial] - 1\betengine\debug\oddsinfo.obj
c:\users\administrator\desktop\win-win [spatial] - 1\betengine\debug\betengine.obj
c:\users\administrator\desktop\win-win [spatial] - 1\debug\betengine.ilk
c:\users\administrator\desktop\win-win [spatial] - 1\debug\betengine.dll
c:\users\administrator\desktop\win-win [spatial] - 1\debug\betengine.pdb
c:\users\administrator\desktop\win-win [spatial] - 1\betengine\debug\betengine.res
c:\users\administrator\desktop\win-win [spatial] - 1\betengine\debug\betengine.tlog\betengine.write.1u.tlog
c:\users\administrator\desktop\win-win [spatial] - 1\betengine\debug\betengine.tlog\cl.command.1.tlog
c:\users\administrator\desktop\win-win [spatial] - 1\betengine\debug\betengine.tlog\cl.read.1.tlog
c:\users\administrator\desktop\win-win [spatial] - 1\betengine\debug\betengine.tlog\cl.write.1.tlog
c:\users\administrator\desktop\win-win [spatial] - 1\betengine\debug\betengine.tlog\link.command.1.tlog
c:\users\administrator\desktop\win-win [spatial] - 1\betengine\debug\betengine.tlog\link.read.1.tlog
c:\users\administrator\desktop\win-win [spatial] - 1\betengine\debug\betengine.tlog\link.write.1.tlog
c:\users\administrator\desktop\win-win [spatial] - 1\betengine\debug\betengine.tlog\rc.command.1.tlog
c:\users\administrator\desktop\win-win [spatial] - 1\betengine\debug\betengine.tlog\rc.read.1.tlog
c:\users\administrator\desktop\win-win [spatial] - 1\betengine\debug\betengine.tlog\rc.write.1.tlog
