c:\users\administrator\desktop\win-win [spatial] - 1\sportsbetting\debug\sportsbetting.pch
c:\users\administrator\desktop\win-win [spatial] - 1\sportsbetting\debug\vc140.pdb
c:\users\administrator\desktop\win-win [spatial] - 1\sportsbetting\debug\vc140.idb
c:\users\administrator\desktop\win-win [spatial] - 1\sportsbetting\debug\stdafx.obj
c:\users\administrator\desktop\win-win [spatial] - 1\sportsbetting\debug\betsite.obj
c:\users\administrator\desktop\win-win [spatial] - 1\sportsbetting\debug\betsite_188bet.obj
c:\users\administrator\desktop\win-win [spatial] - 1\sportsbetting\debug\betsite_18bet.obj
c:\users\administrator\desktop\win-win [spatial] - 1\sportsbetting\debug\betsite_1bet.obj
c:\users\administrator\desktop\win-win [spatial] - 1\sportsbetting\debug\betsite_1xbetchina.obj
c:\users\administrator\desktop\win-win [spatial] - 1\sportsbetting\debug\betsite_babibet.obj
c:\users\administrator\desktop\win-win [spatial] - 1\sportsbetting\debug\betsite_bet3000.obj
c:\users\administrator\desktop\win-win [spatial] - 1\sportsbetting\debug\betsite_bet365.obj
c:\users\administrator\desktop\win-win [spatial] - 1\sportsbetting\debug\betsite_bet888vip.obj
c:\users\administrator\desktop\win-win [spatial] - 1\sportsbetting\debug\betsite_betballer.obj
c:\users\administrator\desktop\win-win [spatial] - 1\sportsbetting\debug\betsite_bwin.obj
c:\users\administrator\desktop\win-win [spatial] - 1\sportsbetting\debug\betsite_marathonbet.obj
c:\users\administrator\desktop\win-win [spatial] - 1\sportsbetting\debug\betsite_tomato333.obj
c:\users\administrator\desktop\win-win [spatial] - 1\sportsbetting\debug\editex.obj
c:\users\administrator\desktop\win-win [spatial] - 1\sportsbetting\debug\gamesview.obj
c:\users\administrator\desktop\win-win [spatial] - 1\sportsbetting\debug\settinglist.obj
c:\users\administrator\desktop\win-win [spatial] - 1\sportsbetting\debug\settingwnd.obj
c:\users\administrator\desktop\win-win [spatial] - 1\sportsbetting\debug\teamnamewnd.obj
c:\users\administrator\desktop\win-win [spatial] - 1\sportsbetting\debug\viewtree.obj
c:\users\administrator\desktop\win-win [spatial] - 1\sportsbetting\debug\captchadlg.obj
c:\users\administrator\desktop\win-win [spatial] - 1\sportsbetting\debug\gamedata.obj
c:\users\administrator\desktop\win-win [spatial] - 1\sportsbetting\debug\gameinfo.obj
c:\users\administrator\desktop\win-win [spatial] - 1\sportsbetting\debug\global.obj
c:\users\administrator\desktop\win-win [spatial] - 1\sportsbetting\debug\gridcell.obj
c:\users\administrator\desktop\win-win [spatial] - 1\sportsbetting\debug\gridcellbase.obj
c:\users\administrator\desktop\win-win [spatial] - 1\sportsbetting\debug\gridctrl.obj
c:\users\administrator\desktop\win-win [spatial] - 1\sportsbetting\debug\griddroptarget.obj
c:\users\administrator\desktop\win-win [spatial] - 1\sportsbetting\debug\inplaceedit.obj
c:\users\administrator\desktop\win-win [spatial] - 1\sportsbetting\debug\titletip.obj
c:\users\administrator\desktop\win-win [spatial] - 1\sportsbetting\debug\mainfrm.obj
c:\users\administrator\desktop\win-win [spatial] - 1\sportsbetting\debug\maininfo.obj
c:\users\administrator\desktop\win-win [spatial] - 1\sportsbetting\debug\oddsinfo.obj
c:\users\administrator\desktop\win-win [spatial] - 1\sportsbetting\debug\sportsbetting.obj
c:\users\administrator\desktop\win-win [spatial] - 1\sportsbetting\debug\sportsbettingdoc.obj
c:\users\administrator\desktop\win-win [spatial] - 1\sportsbetting\debug\sportsbettingview.obj
c:\users\administrator\desktop\win-win [spatial] - 1\debug\sportsbetting.ilk
c:\users\administrator\desktop\win-win [spatial] - 1\debug\sportsbetting.exe
c:\users\administrator\desktop\win-win [spatial] - 1\debug\sportsbetting.pdb
c:\users\administrator\desktop\win-win [spatial] - 1\sportsbetting\debug\sportsbetting.res
c:\users\administrator\desktop\win-win [spatial] - 1\sportsbetting\debug\sportsbetting.tlog\cl.command.1.tlog
c:\users\administrator\desktop\win-win [spatial] - 1\sportsbetting\debug\sportsbetting.tlog\cl.read.1.tlog
c:\users\administrator\desktop\win-win [spatial] - 1\sportsbetting\debug\sportsbetting.tlog\cl.write.1.tlog
c:\users\administrator\desktop\win-win [spatial] - 1\sportsbetting\debug\sportsbetting.tlog\link.command.1.tlog
c:\users\administrator\desktop\win-win [spatial] - 1\sportsbetting\debug\sportsbetting.tlog\link.read.1.tlog
c:\users\administrator\desktop\win-win [spatial] - 1\sportsbetting\debug\sportsbetting.tlog\link.write.1.tlog
c:\users\administrator\desktop\win-win [spatial] - 1\sportsbetting\debug\sportsbetting.tlog\rc.command.1.tlog
c:\users\administrator\desktop\win-win [spatial] - 1\sportsbetting\debug\sportsbetting.tlog\rc.read.1.tlog
c:\users\administrator\desktop\win-win [spatial] - 1\sportsbetting\debug\sportsbetting.tlog\rc.write.1.tlog
